<?xml version="1.0" encoding="UTF-8"?>
<testsuite name="ru.netology.PostRequestTest" tests="1" skipped="0" failures="0" errors="0" timestamp="2021-08-15T15:40:24" hostname="DESKTOP-U69KE6T" time="3.846">
  <properties/>
  <testcase name="shouldSendRequest()" classname="ru.netology.PostRequestTest" time="3.846"/>
  <system-out><![CDATA[]]></system-out>
  <system-err><![CDATA[]]></system-err>
</testsuite>
